module_login/build/outputs/logs/manifest-merger-debug-report.txt
-- Merging decision tree log ---
manifest
ADDED from src\main\AndroidManifest.xml:1:1-39:12
INJECTED from src\main\AndroidManifest.xml:1:1-39:12
INJECTED from src\main\AndroidManifest.xml:1:1-39:12
INJECTED from src\main\AndroidManifest.xml:1:1-39:12
INJECTED from src\main\AndroidManifest.xml:1:1-39:12
INJECTED from src\main\AndroidManifest.xml:1:1-39:12
INJECTED from src\main\AndroidManifest.xml:1:1-39:12
	package
		ADDED from src\main\AndroidManifest.xml:2:5-42
		INJECTED from src\main\AndroidManifest.xml
		INJECTED from src\main\AndroidManifest.xml
	android:versionName
		INJECTED from src\main\AndroidManifest.xml
		ADDED from src\main\AndroidManifest.xml:1:1-39:12
		INJECTED from src\main\AndroidManifest.xml
	android:versionCode
		INJECTED from src\main\AndroidManifest.xml
		ADDED from src\main\AndroidManifest.xml:1:1-39:12
		INJECTED from src\main\AndroidManifest.xml
	xmlns:android
		ADDED from src\main\AndroidManifest.xml:1:11-69
application
ADDED from src\main\AndroidManifest.xml:4:5-38:19
	android:supportsRtl
		ADDED from src\main\AndroidManifest.xml:6:9-35
	android:allowBackup
		ADDED from src\main\AndroidManifest.xml:5:9-35
activity#com.supcon.mes.module_login.ui.WelcomeActivity
ADDED from src\main\AndroidManifest.xml:7:9-16:20
	android:screenOrientation
		ADDED from src\main\AndroidManifest.xml:9:13-49
	android:theme
		ADDED from src\main\AndroidManifest.xml:10:13-48
	android:name
		ADDED from src\main\AndroidManifest.xml:8:13-47
intent-filter#action:name:android.intent.action.MAIN+category:name:android.intent.category.LAUNCHER
ADDED from src\main\AndroidManifest.xml:11:13-15:29
action#android.intent.action.MAIN
ADDED from src\main\AndroidManifest.xml:12:17-69
	android:name
		ADDED from src\main\AndroidManifest.xml:12:25-66
category#android.intent.category.LAUNCHER
ADDED from src\main\AndroidManifest.xml:14:17-77
	android:name
		ADDED from src\main\AndroidManifest.xml:14:27-74
activity#com.supcon.mes.module_login.ui.LoginActivity
ADDED from src\main\AndroidManifest.xml:20:9-24:73
	android:screenOrientation
		ADDED from src\main\AndroidManifest.xml:22:13-49
	android:windowSoftInputMode
		ADDED from src\main\AndroidManifest.xml:24:13-70
	android:theme
		ADDED from src\main\AndroidManifest.xml:23:13-52
	android:name
		ADDED from src\main\AndroidManifest.xml:21:13-45
activity#com.supcon.mes.module_login.ui.NetworkSettingActivity
ADDED from src\main\AndroidManifest.xml:26:9-30:73
	android:screenOrientation
		ADDED from src\main\AndroidManifest.xml:28:13-49
	android:windowSoftInputMode
		ADDED from src\main\AndroidManifest.xml:30:13-70
	android:theme
		ADDED from src\main\AndroidManifest.xml:29:13-52
	android:name
		ADDED from src\main\AndroidManifest.xml:27:13-54
activity#com.supcon.mes.module_login.ui.AboutActivity
ADDED from src\main\AndroidManifest.xml:32:9-36:73
	android:screenOrientation
		ADDED from src\main\AndroidManifest.xml:34:13-49
	android:windowSoftInputMode
		ADDED from src\main\AndroidManifest.xml:36:13-70
	android:theme
		ADDED from src\main\AndroidManifest.xml:35:13-52
	android:name
		ADDED from src\main\AndroidManifest.xml:33:13-45
uses-sdk
INJECTED from src\main\AndroidManifest.xml reason: use-sdk injection requested
INJECTED from src\main\AndroidManifest.xml
INJECTED from src\main\AndroidManifest.xml
INJECTED from src\main\AndroidManifest.xml
INJECTED from src\main\AndroidManifest.xml
	android:targetSdkVersion
		INJECTED from src\main\AndroidManifest.xml
		ADDED from src\main\AndroidManifest.xml
		INJECTED from src\main\AndroidManifest.xml
	android:minSdkVersion
		INJECTED from src\main\AndroidManifest.xml
		ADDED from src\main\AndroidManifest.xml
		INJECTED from src\main\AndroidManifest.xml